INFO:     Will watch for changes in these directories: ['/Users/richard/Documents/projects/detour/apps/api']
INFO:     Uvicorn running on http://127.0.0.1:8000 (Press CTRL+C to quit)
INFO:     Started reloader process [62545] using StatReload
INFO:     Started server process [62562]
INFO:     Waiting for application startup.
INFO:     Application startup complete.
INFO:     127.0.0.1:52948 - "GET /api/config HTTP/1.1" 200 OK
INFO:     127.0.0.1:52956 - "GET /api/config HTTP/1.1" 200 OK
INFO:     127.0.0.1:52957 - "GET /api/config HTTP/1.1" 200 OK
INFO:     127.0.0.1:52959 - "GET /api/config HTTP/1.1" 200 OK
INFO:ors_client:ORS call directions profile=foot-walking n_coords=2 via=0
INFO:ors_client:ORS call directions profile=foot-walking n_coords=2 via=0
INFO:     127.0.0.1:52966 - "GET /api/area?origin=-105.94132%2C35.68722&mode=walk HTTP/1.1" 200 OK
INFO:     127.0.0.1:52968 - "GET /api/area?origin=-105.94771%2C35.69262&mode=walk HTTP/1.1" 200 OK
INFO:     127.0.0.1:52963 - "GET /api/route?to=-105.9369%2C35.67979&miles=2&origin=-105.94771%2C35.69262&mode=walk HTTP/1.1" 200 OK
INFO:     127.0.0.1:52964 - "GET /api/route?to=-105.94338%2C35.67523&miles=2&origin=-105.94132%2C35.68722&mode=walk HTTP/1.1" 200 OK
WARNING:  StatReload detected changes in 'config.py'. Reloading...
INFO:     Shutting down
INFO:     Waiting for application shutdown.
INFO:     Application shutdown complete.
INFO:     Finished server process [62562]
INFO:     Started server process [17573]
INFO:     Waiting for application startup.
INFO:     Application startup complete.
WARNING:  StatReload detected changes in 'cache.py'. Reloading...
INFO:     Shutting down
INFO:     Waiting for application shutdown.
INFO:     Application shutdown complete.
INFO:     Finished server process [17573]
INFO:     Started server process [17835]
INFO:     Waiting for application startup.
INFO:     Application startup complete.
WARNING:  StatReload detected changes in 'main.py'. Reloading...
INFO:     Shutting down
INFO:     Waiting for application shutdown.
INFO:     Application shutdown complete.
INFO:     Finished server process [17835]
INFO:     Started server process [18036]
INFO:     Waiting for application startup.
INFO:     Application startup complete.
WARNING:  StatReload detected changes in 'main.py'. Reloading...
INFO:     Shutting down
INFO:     Waiting for application shutdown.
INFO:     Application shutdown complete.
INFO:     Finished server process [18036]
INFO:     Started server process [18076]
INFO:     Waiting for application startup.
INFO:main:Cache: dir=/Users/richard/Documents/projects/detour/cache files=226 ttl_hours=24
INFO:     Application startup complete.
WARNING:  StatReload detected changes in 'main.py'. Reloading...
INFO:     Shutting down
INFO:     Waiting for application shutdown.
INFO:     Application shutdown complete.
INFO:     Finished server process [18076]
INFO:     Started server process [18279]
INFO:     Waiting for application startup.
INFO:main:Cache: dir=/Users/richard/Documents/projects/detour/cache files=226 ttl_hours=24
INFO:     Application startup complete.
WARNING:  StatReload detected changes in 'main.py'. Reloading...
INFO:     Shutting down
INFO:     Waiting for application shutdown.
INFO:     Application shutdown complete.
INFO:     Finished server process [18279]
INFO:     Started server process [18493]
INFO:     Waiting for application startup.
INFO:main:Cache: dir=/Users/richard/Documents/projects/detour/cache files=226 ttl_hours=24
INFO:     Application startup complete.
WARNING:  StatReload detected changes in 'main.py'. Reloading...
INFO:     Shutting down
INFO:     Waiting for application shutdown.
INFO:     Application shutdown complete.
INFO:     Finished server process [18493]
INFO:     Started server process [18711]
INFO:     Waiting for application startup.
INFO:main:Cache: dir=/Users/richard/Documents/projects/detour/cache files=226 ttl_hours=24
INFO:     Application startup complete.
WARNING:  StatReload detected changes in 'main.py'. Reloading...
INFO:     Shutting down
INFO:     Waiting for application shutdown.
INFO:     Application shutdown complete.
INFO:     Finished server process [18711]
INFO:     Started server process [18840]
INFO:     Waiting for application startup.
INFO:main:Cache: dir=/Users/richard/Documents/projects/detour/cache files=226 ttl_hours=24
INFO:     Application startup complete.
WARNING:  StatReload detected changes in 'main.py'. Reloading...
INFO:     Shutting down
INFO:     Waiting for application shutdown.
INFO:     Application shutdown complete.
INFO:     Finished server process [18840]
INFO:     Started server process [18882]
INFO:     Waiting for application startup.
INFO:main:Cache: dir=/Users/richard/Documents/projects/detour/cache files=226 ttl_hours=24
INFO:     Application startup complete.
WARNING:  StatReload detected changes in 'tests/test_main_dedup.py'. Reloading...
INFO:     Shutting down
INFO:     Waiting for application shutdown.
INFO:     Application shutdown complete.
INFO:     Finished server process [18882]
INFO:     Started server process [19268]
INFO:     Waiting for application startup.
INFO:main:Cache: dir=/Users/richard/Documents/projects/detour/cache files=226 ttl_hours=24
INFO:     Application startup complete.
WARNING:  StatReload detected changes in 'main.py'. Reloading...
INFO:     Shutting down
INFO:     Waiting for application shutdown.
INFO:     Application shutdown complete.
INFO:     Finished server process [19268]
INFO:     Started server process [46175]
INFO:     Waiting for application startup.
INFO:main:Cache: dir=/Users/richard/Documents/projects/detour/cache files=226 ttl_hours=24
INFO:     Application startup complete.
WARNING:  StatReload detected changes in 'main.py'. Reloading...
INFO:     Shutting down
INFO:     Waiting for application shutdown.
INFO:     Application shutdown complete.
INFO:     Finished server process [46175]
INFO:     Started server process [46335]
INFO:     Waiting for application startup.
INFO:main:Cache: dir=/Users/richard/Documents/projects/detour/cache files=226 ttl_hours=24
INFO:     Application startup complete.
WARNING:  StatReload detected changes in 'main.py'. Reloading...
INFO:     Shutting down
INFO:     Waiting for application shutdown.
INFO:     Application shutdown complete.
INFO:     Finished server process [46335]
INFO:     Started server process [46476]
INFO:     Waiting for application startup.
INFO:main:Cache: dir=/Users/richard/Documents/projects/detour/cache files=226 ttl_hours=24
INFO:     Application startup complete.
WARNING:  StatReload detected changes in 'main.py'. Reloading...
INFO:     Shutting down
INFO:     Waiting for application shutdown.
INFO:     Application shutdown complete.
INFO:     Finished server process [46476]
INFO:     Started server process [46542]
INFO:     Waiting for application startup.
INFO:main:Cache: dir=/Users/richard/Documents/projects/detour/cache files=226 ttl_hours=24
INFO:     Application startup complete.
WARNING:  StatReload detected changes in 'main.py'. Reloading...
INFO:     Shutting down
INFO:     Waiting for application shutdown.
INFO:     Application shutdown complete.
INFO:     Finished server process [46542]
INFO:     Started server process [46582]
INFO:     Waiting for application startup.
INFO:main:Cache: dir=/Users/richard/Documents/projects/detour/cache files=226 ttl_hours=24
INFO:     Application startup complete.
WARNING:  StatReload detected changes in 'main.py'. Reloading...
INFO:     Shutting down
INFO:     Waiting for application shutdown.
INFO:     Application shutdown complete.
INFO:     Finished server process [46582]
INFO:     Started server process [46634]
INFO:     Waiting for application startup.
INFO:main:Cache: dir=/Users/richard/Documents/projects/detour/cache files=226 ttl_hours=24
INFO:     Application startup complete.
WARNING:  StatReload detected changes in 'main.py'. Reloading...
INFO:     Shutting down
INFO:     Waiting for application shutdown.
INFO:     Application shutdown complete.
INFO:     Finished server process [46634]
INFO:     Started server process [46688]
INFO:     Waiting for application startup.
INFO:main:Cache: dir=/Users/richard/Documents/projects/detour/cache files=226 ttl_hours=24
INFO:     Application startup complete.
INFO:     127.0.0.1:53617 - "GET /api/config HTTP/1.1" 200 OK
INFO:     127.0.0.1:53620 - "GET /api/config HTTP/1.1" 200 OK
INFO:ors_client:ORS call isochrones profile=foot-walking lon=-105.9413 lat=35.6872 ranges=[804, 1609, 3218]
INFO:     127.0.0.1:53628 - "GET /api/config HTTP/1.1" 200 OK
INFO:     127.0.0.1:53630 - "GET /api/config HTTP/1.1" 200 OK
INFO:ors_client:ORS call isochrones profile=foot-walking lon=-105.9477 lat=35.6926 ranges=[804, 1609, 3218]
INFO:     127.0.0.1:53637 - "GET /api/area?origin=-105.94771%2C35.69262&mode=walk HTTP/1.1" 200 OK
INFO:     127.0.0.1:53624 - "GET /api/area?origin=-105.94132%2C35.68722&mode=walk HTTP/1.1" 200 OK
WARNING:  StatReload detected changes in 'inflight.py'. Reloading...
INFO:     Shutting down
INFO:     Waiting for application shutdown.
INFO:     Application shutdown complete.
INFO:     Finished server process [46688]
INFO:     Started server process [67425]
INFO:     Waiting for application startup.
INFO:main:Cache: dir=/Users/richard/Documents/projects/detour/cache files=228 ttl_hours=24
INFO:     Application startup complete.
WARNING:  StatReload detected changes in 'rate_limit.py'. Reloading...
INFO:     Shutting down
INFO:     Waiting for application shutdown.
INFO:     Application shutdown complete.
INFO:     Finished server process [67425]
INFO:     Started server process [83193]
INFO:     Waiting for application startup.
INFO:main:Cache: dir=/Users/richard/Documents/projects/detour/cache files=228 ttl_hours=24
INFO:     Application startup complete.
WARNING:  StatReload detected changes in 'main.py'. Reloading...
INFO:     Shutting down
INFO:     Waiting for application shutdown.
INFO:     Application shutdown complete.
INFO:     Finished server process [83193]
INFO:     Started server process [83639]
INFO:     Waiting for application startup.
INFO:main:Cache: dir=/Users/richard/Documents/projects/detour/cache files=228 ttl_hours=24
INFO:     Application startup complete.
WARNING:  StatReload detected changes in 'main.py'. Reloading...
INFO:     Shutting down
INFO:     Waiting for application shutdown.
INFO:     Application shutdown complete.
INFO:     Finished server process [83639]
INFO:     Started server process [83921]
INFO:     Waiting for application startup.
INFO:main:Cache: dir=/Users/richard/Documents/projects/detour/cache files=228 ttl_hours=24
INFO:     Application startup complete.
WARNING:  StatReload detected changes in 'main.py'. Reloading...
INFO:     Shutting down
INFO:     Waiting for application shutdown.
INFO:     Application shutdown complete.
INFO:     Finished server process [83921]
INFO:     Started server process [84186]
INFO:     Waiting for application startup.
INFO:main:Cache: dir=/Users/richard/Documents/projects/detour/cache files=228 ttl_hours=24
INFO:     Application startup complete.
WARNING:  StatReload detected changes in 'main.py'. Reloading...
INFO:     Shutting down
INFO:     Waiting for application shutdown.
INFO:     Application shutdown complete.
INFO:     Finished server process [84186]
INFO:     Started server process [84337]
INFO:     Waiting for application startup.
INFO:main:Cache: dir=/Users/richard/Documents/projects/detour/cache files=228 ttl_hours=24
INFO:     Application startup complete.
WARNING:  StatReload detected changes in 'main.py'. Reloading...
INFO:     Shutting down
INFO:     Waiting for application shutdown.
INFO:     Application shutdown complete.
INFO:     Finished server process [84337]
INFO:     Started server process [84430]
INFO:     Waiting for application startup.
INFO:main:Cache: dir=/Users/richard/Documents/projects/detour/cache files=228 ttl_hours=24
INFO:     Application startup complete.
WARNING:  StatReload detected changes in 'main.py'. Reloading...
INFO:     Shutting down
INFO:     Waiting for application shutdown.
INFO:     Application shutdown complete.
INFO:     Finished server process [84430]
INFO:     Started server process [84614]
INFO:     Waiting for application startup.
INFO:main:Cache: dir=/Users/richard/Documents/projects/detour/cache files=228 ttl_hours=24
INFO:     Application startup complete.
WARNING:  StatReload detected changes in 'main.py'. Reloading...
INFO:     Shutting down
INFO:     Waiting for application shutdown.
INFO:     Application shutdown complete.
INFO:     Finished server process [84614]
INFO:     Started server process [84729]
INFO:     Waiting for application startup.
INFO:main:Cache: dir=/Users/richard/Documents/projects/detour/cache files=228 ttl_hours=24
INFO:     Application startup complete.
WARNING:  StatReload detected changes in 'main.py'. Reloading...
INFO:     Shutting down
INFO:     Waiting for application shutdown.
INFO:     Application shutdown complete.
INFO:     Finished server process [84729]
INFO:     Started server process [84991]
INFO:     Waiting for application startup.
INFO:main:Cache: dir=/Users/richard/Documents/projects/detour/cache files=228 ttl_hours=24
INFO:     Application startup complete.
WARNING:  StatReload detected changes in 'main.py'. Reloading...
INFO:     Shutting down
INFO:     Waiting for application shutdown.
INFO:     Application shutdown complete.
INFO:     Finished server process [84991]
INFO:     Started server process [85199]
INFO:     Waiting for application startup.
INFO:main:Cache: dir=/Users/richard/Documents/projects/detour/cache files=228 ttl_hours=24
INFO:     Application startup complete.
WARNING:  StatReload detected changes in 'tests/conftest.py'. Reloading...
INFO:     Shutting down
INFO:     Waiting for application shutdown.
INFO:     Application shutdown complete.
INFO:     Finished server process [85199]
INFO:     Started server process [85275]
INFO:     Waiting for application startup.
INFO:main:Cache: dir=/Users/richard/Documents/projects/detour/cache files=228 ttl_hours=24
INFO:     Application startup complete.
WARNING:  StatReload detected changes in 'tests/test_main_rate_limit.py'. Reloading...
INFO:     Shutting down
INFO:     Waiting for application shutdown.
INFO:     Application shutdown complete.
INFO:     Finished server process [85275]
INFO:     Started server process [85507]
INFO:     Waiting for application startup.
INFO:main:Cache: dir=/Users/richard/Documents/projects/detour/cache files=228 ttl_hours=24
INFO:     Application startup complete.
WARNING:  StatReload detected changes in 'tests/test_main_rate_limit.py'. Reloading...
INFO:     Shutting down
INFO:     Waiting for application shutdown.
INFO:     Application shutdown complete.
INFO:     Finished server process [85507]
INFO:     Started server process [85748]
INFO:     Waiting for application startup.
INFO:main:Cache: dir=/Users/richard/Documents/projects/detour/cache files=228 ttl_hours=24
INFO:     Application startup complete.
WARNING:  StatReload detected changes in 'tests/test_main_cache.py'. Reloading...
INFO:     Shutting down
INFO:     Waiting for application shutdown.
INFO:     Application shutdown complete.
INFO:     Finished server process [85748]
INFO:     Started server process [85955]
INFO:     Waiting for application startup.
INFO:main:Cache: dir=/Users/richard/Documents/projects/detour/cache files=228 ttl_hours=24
INFO:     Application startup complete.
INFO:     127.0.0.1:49600 - "GET /api/config HTTP/1.1" 200 OK
INFO:     127.0.0.1:49603 - "GET /api/config HTTP/1.1" 200 OK
INFO:     127.0.0.1:49606 - "GET /api/area?origin=-105.94132%2C35.68722&mode=walk HTTP/1.1" 200 OK
INFO:     127.0.0.1:49614 - "GET /api/config HTTP/1.1" 200 OK
INFO:     127.0.0.1:49616 - "GET /api/config HTTP/1.1" 200 OK
INFO:     127.0.0.1:49619 - "GET /api/area?origin=-105.94771%2C35.69262&mode=walk HTTP/1.1" 200 OK
